<?xml version="1.0" encoding="UTF-8"?>
<testng-results skipped="0" failed="0" ignored="0" total="1" passed="1">
  <reporter-output>
  </reporter-output>
  <suite name="Default suite" duration-ms="41" started-at="2018-09-06T06:18:34Z" finished-at="2018-09-06T06:18:34Z">
    <groups>
    </groups>
    <test name="Default test" duration-ms="41" started-at="2018-09-06T06:18:34Z" finished-at="2018-09-06T06:18:34Z">
      <class name="sel1.Mavenclas">
        <test-method status="PASS" signature="login()[pri:0, instance:sel1.Mavenclas@4678c730]" name="login" duration-ms="11" started-at="2018-09-06T06:18:34Z" finished-at="2018-09-06T06:18:34Z">
          <reporter-output>
          </reporter-output>
        </test-method> <!-- login -->
      </class> <!-- sel1.Mavenclas -->
    </test> <!-- Default test -->
  </suite> <!-- Default suite -->
</testng-results>
